<?xml version="1.0" encoding="UTF-8"?>
<testsuites tests="4" failures="0" disabled="0" errors="0" timestamp="2019-04-09T16:19:43" time="0.501" name="AllTests">
  <testsuite name="SerialTests" tests="4" failures="0" disabled="0" errors="0" time="0.5">
    <testcase name="readWorks" status="run" time="0" classname="SerialTests" />
    <testcase name="writeWorks" status="run" time="0" classname="SerialTests" />
    <testcase name="timeoutWorks" status="run" time="0.25" classname="SerialTests" />
    <testcase name="partialRead" status="run" time="0.25" classname="SerialTests" />
  </testsuite>
</testsuites>
